Info: CustomCategory:Atores: 68 mini seconds publishing element
Info: Role:arquiteto: 129 mini seconds publishing element
Info: Role:cliente: 56 mini seconds publishing element
Info: Role:gerente: 73 mini seconds publishing element
Info: Role:programador: 52 mini seconds publishing element
Info: CustomCategory:Disciplinas: 12 mini seconds publishing element
Info: Discipline:implementacao: 20 mini seconds publishing element
Info: Task:elaborar_backlog_do_projeto: 30 mini seconds publishing element
Info: Task:elaborar_backlog_do_sprint: 18 mini seconds publishing element
Info: Task:sprint: 13 mini seconds publishing element
Info: Task:elabolar_codificacao: 16 mini seconds publishing element
Info: Task:documentar_funcionalidade: 20 mini seconds publishing element
Info: Task:testing_review: 14 mini seconds publishing element
Info: Task:sprint_review: 13 mini seconds publishing element
Info: Task:revisar_documentacao: 15 mini seconds publishing element
Info: Task:liberar_release: 17 mini seconds publishing element
Info: Task:homologar_release: 11 mini seconds publishing element
Info: Discipline:projeto: 12 mini seconds publishing element
Info: Task:definir_visao: 15 mini seconds publishing element
Info: Task:detalhar_requisitos: 15 mini seconds publishing element
Info: Task:definir_arquitetura: 14 mini seconds publishing element
Info: Task:projetar_solucao: 21 mini seconds publishing element
Info: Task:especificar_casos_de_uso: 15 mini seconds publishing element
Info: Task:definir_plano_de_testes: 13 mini seconds publishing element
Info: Task:definir_boas_praticas: 10 mini seconds publishing element
Info: Task:apresentar_projeto: 22 mini seconds publishing element
Info: CustomCategory:Artefatos: 16 mini seconds publishing element
Info: Artifact:backlog_do_projeto: 35 mini seconds publishing element
Info: Artifact:codigo_de_programa: 12 mini seconds publishing element
Info: Artifact:grafico_burndown: 15 mini seconds publishing element
Info: Artifact:release: 12 mini seconds publishing element
Info: Artifact:caso_de_uso: 20 mini seconds publishing element
Info: Artifact:diagrama_de_classes: 15 mini seconds publishing element
Info: Artifact:diagrama_de_comunicacao: 17 mini seconds publishing element
Info: Artifact:diagrama_de_conteiner: 13 mini seconds publishing element
Info: Artifact:diagrama_de_contexto: 12 mini seconds publishing element
Info: Artifact:documento_de_arquitetura: 14 mini seconds publishing element
Info: Artifact:documento_de_visao: 19 mini seconds publishing element
Info: Artifact:manual_de_boas_praticas: 14 mini seconds publishing element
Info: Artifact:plano_de_testes: 13 mini seconds publishing element
Info: Artifact:repositorio_git: 19 mini seconds publishing element
Info: Artifact:manual_do_usuario: 14 mini seconds publishing element
Info: CustomCategory:Tarefas: 15 mini seconds publishing element
Info: : Publishing time: 0 minutes 2 seconds
